<?xml version="1.0" encoding="UTF-8"?>
<testng-results skipped="0" failed="0" total="1" passed="1">
  <reporter-output>
  </reporter-output>
  <suite name="Surefire suite" duration-ms="1073" started-at="2017-04-05T11:11:16Z" finished-at="2017-04-05T11:11:17Z">
    <groups>
    </groups>
    <test name="Surefire test" duration-ms="1073" started-at="2017-04-05T11:11:16Z" finished-at="2017-04-05T11:11:17Z">
      <class name="CucumberMaven.CM.AppTest">
        <test-method status="PASS" signature="testApp()[pri:0, instance:testApp(CucumberMaven.CM.AppTest)]" name="testApp" duration-ms="10" started-at="2017-04-05T16:41:16Z" finished-at="2017-04-05T16:41:16Z">
          <reporter-output>
          </reporter-output>
        </test-method> <!-- testApp -->
      </class> <!-- CucumberMaven.CM.AppTest -->
    </test> <!-- Surefire test -->
  </suite> <!-- Surefire suite -->
</testng-results>
